MPASM  5.14                   PISCA-PISCA.ASM   6-22-2011  17:06:36         PAGE  1


LOC  OBJECT CODE     LINE SOURCE TEXT
  VALUE

                      00001 #INCLUDE <P16F628A.INC>
                      00001         LIST
                      00002 ; P16F628A.INC  Standard Header File, Version 1.10    Microchip Technology, Inc.
                      00265         LIST
                      00266 
                      00002 #DEFINE BANK0   BCF     STATUS,RP0
                      00003 #DEFINE BANK1   BSF     STATUS.RP0
                      00004 #DEFINE LED0    PORTB,0
                      00005 
Error[108]  : Illegal character (0)
                      00006 CBCLOCK 0x20
Warning[207]: Found label after column 1. (W_TEMP)
0000                  00007                 W_TEMP
Warning[207]: Found label after column 1. (STATUS_TEMP)
0000                  00008                 STATUS_TEMP
                      00009                 
Warning[205]: Found directive in column 1. (ENDC)
Error[144]  : Unmatched ENDC
                      00010 ENDC
                      00011 
                      00012 
Warning[205]: Found directive in column 1. (ORG)
0000                  00013 ORG                                             0x00
Warning[203]: Found opcode in column 1. (GOTO)
0000   2816           00014 GOTO    INICIO
                      00015 
Warning[205]: Found directive in column 1. (ORG)
0004                  00016 ORG                                             0x04
Warning[203]: Found opcode in column 1. (MOVWF)
0004   0080           00017 MOVWF                                   W_TEMP
Warning[203]: Found opcode in column 1. (SWAPF)
0005   0E03           00018 SWAPF                                   STATUS,W
Warning[203]: Found opcode in column 1. (MOVWF)
0006   0080           00019 MOVWF                                   STATUS_TEMP
                      00020 
Warning[203]: Found opcode in column 1. (BTFSS)
0007   1D0B           00021 BTFSS                                   INTCON,T0IF
Warning[203]: Found opcode in column 1. (GOTO)
0008   2816           00022 GOTO    INICIO
                      00023 
0009   0091           00024                 MOVWF                   SAI_INT
Error[113]  : Symbol not previously defined (INTCONM)
000A   1100           00025                 BCF                             INTCONM,T0IF
000B   1C06           00026                 BTFSS                   LED0
000C   280F           00027                 GOTO                    LED_ON
                      00028                 
000D                  00029 LED_OFF
000D   1006           00030                 BCF                             LED0
000E   2810           00031                 GOTO                    FIM_TMR0
                      00032                 
000F                  00033 LED_ON
000F   1406           00034                 BSF                             LED0
                      00035                 
MPASM  5.14                   PISCA-PISCA.ASM   6-22-2011  17:06:36         PAGE  2


LOC  OBJECT CODE     LINE SOURCE TEXT
  VALUE

0010                  00036 FIM_TMR0
0010   2811           00037                 GOTO                    SAI_INT
                      00038                 
0011                  00039 SAI_INT
0011   0E00           00040                 SWAPF                   STATUS_TEMP,W
0012   0083           00041                 MOVWF                   STATUS
0013   0E80           00042                 SWAPF                   W_TEMP,F
0014   0E00           00043                 SWAPF                   W_TEMP,W
0015   0009           00044                 RETFIE
                      00045                 
0016                  00046 INICIO
Error[113]  : Symbol not previously defined (STATUS.RP0)
Error[128]  : Missing argument(s)
0016   1400           00047                 BANK1
0017   3000           00048                 MOVLW                   0x00
Message[302]: Register in operand not in bank 0.  Ensure that bank bits are correct.
0018   0085           00049                 MOVWF                   TRISA
0019   3000           00050                 MOVLW                   0x00
Message[302]: Register in operand not in bank 0.  Ensure that bank bits are correct.
001A   0086           00051                 MOVWF                   TRISB
001B   3000           00052                 MOVLW                   0x00
Message[302]: Register in operand not in bank 0.  Ensure that bank bits are correct.
001C   0086           00053                 MOVWF                   TRISB
001D   3000           00054                 MOVLW                   0x00
Message[302]: Register in operand not in bank 0.  Ensure that bank bits are correct.
001E   0081           00055                 MOVWF                   OPTION_REG
001F   30A0           00056                 MOVLW                   0xA0
0020   008B           00057                 MOVWF                   INTCON
0021   1283           00058                 BANK0
0022   3007           00059                 MOVLW                   0x07
0023   009F           00060                 MOVWF                   CMCON
                      00061                 
0024                  00062 MAIN
0024   2824           00063                 GOTO    MAIN
                      00064                 
Warning[205]: Found directive in column 1. (END)
                      00065 END
MPASM  5.14                   PISCA-PISCA.ASM   6-22-2011  17:06:36         PAGE  3


SYMBOL TABLE
  LABEL                             VALUE 

ADEN                              00000003
BANK0                             BCF     STATUS,RP0
BANK1                             BSF     STATUS.RP0
BRGH                              00000002
C                                 00000000
C1INV                             00000004
C1OUT                             00000006
C2INV                             00000005
C2OUT                             00000007
CCP1CON                           00000017
CCP1IE                            00000002
CCP1IF                            00000002
CCP1M0                            00000000
CCP1M1                            00000001
CCP1M2                            00000002
CCP1M3                            00000003
CCP1X                             00000005
CCP1Y                             00000004
CCPR1H                            00000016
CCPR1L                            00000015
CIS                               00000003
CM0                               00000000
CM1                               00000001
CM2                               00000002
CMCON                             0000001F
CMIE                              00000006
CMIF                              00000006
CREN                              00000004
CSRC                              00000007
DC                                00000001
EEADR                             0000009B
EECON1                            0000009C
EECON2                            0000009D
EEDATA                            0000009A
EEIE                              00000007
EEIF                              00000007
F                                 00000001
FERR                              00000002
FIM_TMR0                          00000010
FSR                               00000004
GIE                               00000007
INDF                              00000000
INICIO                            00000016
INTCON                            0000000B
INTE                              00000004
INTEDG                            00000006
INTF                              00000001
IRP                               00000007
LED0                              PORTB,0
LED_OFF                           0000000D
LED_ON                            0000000F
MAIN                              00000024
NOT_BO                            00000000
MPASM  5.14                   PISCA-PISCA.ASM   6-22-2011  17:06:36         PAGE  4


SYMBOL TABLE
  LABEL                             VALUE 

NOT_BOD                           00000000
NOT_BOR                           00000000
NOT_PD                            00000003
NOT_POR                           00000001
NOT_RBPU                          00000007
NOT_T1SYNC                        00000002
NOT_TO                            00000004
OERR                              00000001
OPTION_REG                        00000081
OSCF                              00000003
PCL                               00000002
PCLATH                            0000000A
PCON                              0000008E
PEIE                              00000006
PIE1                              0000008C
PIR1                              0000000C
PORTA                             00000005
PORTB                             00000006
PR2                               00000092
PS0                               00000000
PS1                               00000001
PS2                               00000002
PSA                               00000003
RBIE                              00000003
RBIF                              00000000
RCIE                              00000005
RCIF                              00000005
RCREG                             0000001A
RCSTA                             00000018
RD                                00000000
RP0                               00000005
RP1                               00000006
RX9                               00000006
RX9D                              00000000
SAI_INT                           00000011
SPBRG                             00000099
SPEN                              00000007
SREN                              00000005
STATUS                            00000003
STATUS_TEMP                       00000000
SYNC                              00000004
T0CS                              00000005
T0IE                              00000005
T0IF                              00000002
T0SE                              00000004
T1CKPS0                           00000004
T1CKPS1                           00000005
T1CON                             00000010
T1OSCEN                           00000003
T2CKPS0                           00000000
T2CKPS1                           00000001
T2CON                             00000012
TMR0                              00000001
MPASM  5.14                   PISCA-PISCA.ASM   6-22-2011  17:06:36         PAGE  5


SYMBOL TABLE
  LABEL                             VALUE 

TMR1CS                            00000001
TMR1H                             0000000F
TMR1IE                            00000000
TMR1IF                            00000000
TMR1L                             0000000E
TMR1ON                            00000000
TMR2                              00000011
TMR2IE                            00000001
TMR2IF                            00000001
TMR2ON                            00000002
TOUTPS0                           00000003
TOUTPS1                           00000004
TOUTPS2                           00000005
TOUTPS3                           00000006
TRISA                             00000085
TRISB                             00000086
TRMT                              00000001
TX9                               00000006
TX9D                              00000000
TXEN                              00000005
TXIE                              00000004
TXIF                              00000004
TXREG                             00000019
TXSTA                             00000098
VR0                               00000000
VR1                               00000001
VR2                               00000002
VR3                               00000003
VRCON                             0000009F
VREN                              00000007
VROE                              00000006
VRR                               00000005
W                                 00000000
WR                                00000001
WREN                              00000002
WRERR                             00000003
W_TEMP                            00000000
Z                                 00000002
_BODEN_OFF                        00003FBF
_BODEN_ON                         00003FFF
_BOREN_OFF                        00003FBF
_BOREN_ON                         00003FFF
_CP_OFF                           00003FFF
_CP_ON                            00001FFF
_DATA_CP_OFF                      00003FFF
_DATA_CP_ON                       00003EFF
_ER_OSC_CLKOUT                    00003FFF
_ER_OSC_NOCLKOUT                  00003FFE
_EXTCLK_OSC                       00003FEF
_HS_OSC                           00003FEE
_INTOSC_OSC_CLKOUT                00003FFD
_INTOSC_OSC_NOCLKOUT              00003FFC
_INTRC_OSC_CLKOUT                 00003FFD
MPASM  5.14                   PISCA-PISCA.ASM   6-22-2011  17:06:36         PAGE  6


SYMBOL TABLE
  LABEL                             VALUE 

_INTRC_OSC_NOCLKOUT               00003FFC
_LP_OSC                           00003FEC
_LVP_OFF                          00003F7F
_LVP_ON                           00003FFF
_MCLRE_OFF                        00003FDF
_MCLRE_ON                         00003FFF
_PWRTE_OFF                        00003FFF
_PWRTE_ON                         00003FF7
_RC_OSC_CLKOUT                    00003FFF
_RC_OSC_NOCLKOUT                  00003FFE
_WDT_OFF                          00003FFB
_WDT_ON                           00003FFF
_XT_OSC                           00003FED
__16F628A                         00000001


MEMORY USAGE MAP ('X' = Used,  '-' = Unused)

0000 : X---XXXXXXXXXXXX XXXXXXXXXXXXXXXX XXXXX----------- ----------------

All other memory blocks unused.

Program Memory Words Used:    34
Program Memory Words Free:  2014


Errors   :     5
Warnings :    12 reported,     0 suppressed
Messages :     4 reported,     0 suppressed

