Error[108]   E:\ELETRÙNICA\SISTEMAS MICROPROCESSADOS I\PIC\PISCA-PISCA.ASM 6 : Illegal character (0)
Warning[207] E:\ELETRÙNICA\SISTEMAS MICROPROCESSADOS I\PIC\PISCA-PISCA.ASM 7 : Found label after column 1. (W_TEMP)
Warning[207] E:\ELETRÙNICA\SISTEMAS MICROPROCESSADOS I\PIC\PISCA-PISCA.ASM 8 : Found label after column 1. (STATUS_TEMP)
Warning[205] E:\ELETRÙNICA\SISTEMAS MICROPROCESSADOS I\PIC\PISCA-PISCA.ASM 10 : Found directive in column 1. (ENDC)
Error[144]   E:\ELETRÙNICA\SISTEMAS MICROPROCESSADOS I\PIC\PISCA-PISCA.ASM 10 : Unmatched ENDC
Warning[205] E:\ELETRÙNICA\SISTEMAS MICROPROCESSADOS I\PIC\PISCA-PISCA.ASM 13 : Found directive in column 1. (ORG)
Warning[203] E:\ELETRÙNICA\SISTEMAS MICROPROCESSADOS I\PIC\PISCA-PISCA.ASM 14 : Found opcode in column 1. (GOTO)
Warning[205] E:\ELETRÙNICA\SISTEMAS MICROPROCESSADOS I\PIC\PISCA-PISCA.ASM 16 : Found directive in column 1. (ORG)
Warning[203] E:\ELETRÙNICA\SISTEMAS MICROPROCESSADOS I\PIC\PISCA-PISCA.ASM 17 : Found opcode in column 1. (MOVWF)
Warning[203] E:\ELETRÙNICA\SISTEMAS MICROPROCESSADOS I\PIC\PISCA-PISCA.ASM 18 : Found opcode in column 1. (SWAPF)
Warning[203] E:\ELETRÙNICA\SISTEMAS MICROPROCESSADOS I\PIC\PISCA-PISCA.ASM 19 : Found opcode in column 1. (MOVWF)
Warning[203] E:\ELETRÙNICA\SISTEMAS MICROPROCESSADOS I\PIC\PISCA-PISCA.ASM 21 : Found opcode in column 1. (BTFSS)
Warning[203] E:\ELETRÙNICA\SISTEMAS MICROPROCESSADOS I\PIC\PISCA-PISCA.ASM 22 : Found opcode in column 1. (GOTO)
Error[113]   E:\ELETRÙNICA\SISTEMAS MICROPROCESSADOS I\PIC\PISCA-PISCA.ASM 25 : Symbol not previously defined (INTCONM)
Error[113]   E:\ELETRÙNICA\SISTEMAS MICROPROCESSADOS I\PIC\PISCA-PISCA.ASM 47 : Symbol not previously defined (STATUS.RP0)
Error[128]   E:\ELETRÙNICA\SISTEMAS MICROPROCESSADOS I\PIC\PISCA-PISCA.ASM 47 : Missing argument(s)
Message[302] E:\ELETRÙNICA\SISTEMAS MICROPROCESSADOS I\PIC\PISCA-PISCA.ASM 49 : Register in operand not in bank 0.  Ensure that bank bits are correct.
Message[302] E:\ELETRÙNICA\SISTEMAS MICROPROCESSADOS I\PIC\PISCA-PISCA.ASM 51 : Register in operand not in bank 0.  Ensure that bank bits are correct.
Message[302] E:\ELETRÙNICA\SISTEMAS MICROPROCESSADOS I\PIC\PISCA-PISCA.ASM 53 : Register in operand not in bank 0.  Ensure that bank bits are correct.
Message[302] E:\ELETRÙNICA\SISTEMAS MICROPROCESSADOS I\PIC\PISCA-PISCA.ASM 55 : Register in operand not in bank 0.  Ensure that bank bits are correct.
Warning[205] E:\ELETRÙNICA\SISTEMAS MICROPROCESSADOS I\PIC\PISCA-PISCA.ASM 65 : Found directive in column 1. (END)
